<?xml version="1.0" encoding="UTF-8" ?>
<testsuite errors="0" failures="0" hostname="vectra.ideais.local" name="racetrack.UserTests" tests="1" time="0.0060" timestamp="2012-01-10T11:57:15">
  <properties />
  <testcase classname="racetrack.UserTests" name="testSomething" time="0.0030" />
  <system-out><![CDATA[--Output from testSomething--
]]></system-out>
  <system-err><![CDATA[--Output from testSomething--
]]></system-err>
</testsuite>
