<?xml version="1.0" encoding="UTF-8" ?>
<testsuite errors="0" failures="0" hostname="vectra.ideais.local" name="racetrack.RaceControllerTests" tests="1" time="0.139" timestamp="2012-01-10T11:57:14">
  <properties />
  <testcase classname="racetrack.RaceControllerTests" name="testSomething" time="0.134" />
  <system-out><![CDATA[--Output from testSomething--
]]></system-out>
  <system-err><![CDATA[--Output from testSomething--
]]></system-err>
</testsuite>
